
Attaching package: ‘cluster’

The following object is masked from ‘package:maps’:

    votes.repub

clCounts
  0   1   2   3   4   5   6   7   8   9  10  11 
 55 153  45  17  17   9  22   4   1   3   1   1 
7.95 GB
Total precision: 0.965602 
null device 
          1 
null device 
          1 
[1] 0.8153846
[1] 494
null device 
          1 
   Min. 1st Qu.  Median    Mean 3rd Qu.    Max. 
 0.4615  1.0000  1.0000  0.9657  1.0000  1.0000 
[1] 0.3846154
   Min. 1st Qu.  Median    Mean 3rd Qu.    Max. 
 0.6609  1.0000  1.0000  0.9920  1.0000  1.0000 
[1] 0.8399281
[1] 0.8555156
pdf 
  2 
pdf 
  2 
